<?xml version="1.0" encoding="UTF-8"?>
<!-- Generated by org.testng.reporters.JUnitReportReporter -->
<testsuite hostname="DESKTOP-UK44DMQ" failures="0" tests="1" name="TestCases.LoginApplication" time="15.126" errors="0" timestamp="2021-04-01T15:16:15 CDT" skipped="0">
  <testcase classname="TestCases.LoginApplication" name="Login" time="15.126"/>
  <system-out/>
</testsuite> <!-- TestCases.LoginApplication -->
